<?xml version="1.0" encoding="UTF-8"?>
<!-- Generated by org.testng.reporters.JUnitReportReporter -->
<testsuite hostname="Shwetha" failures="0" tests="1" name="tests.MagentoDemoAPITest" time="13.339" errors="0" timestamp="2025-03-20T00:14:09 CET" skipped="0">
  <testcase classname="tests.MagentoDemoAPITest" name="testMagentoDemoSite" time="13.339"/>
</testsuite> <!-- tests.MagentoDemoAPITest -->
