<?xml version="1.0" encoding="UTF-8"?>
<!-- Generated by org.testng.reporters.JUnitReportReporter -->
<testsuite hostname="Shwetha" failures="0" tests="1" name="userAccount.CreateAccountTest" time="9.137" errors="0" timestamp="2025-03-18T19:57:49 CET" skipped="0">
  <testcase classname="userAccount.CreateAccountTest" name="testExistingEmailErrorMessage" time="9.137"/>
</testsuite> <!-- userAccount.CreateAccountTest -->
