<?xml version="1.0" encoding="UTF-8"?>
<!-- Generated by org.testng.reporters.JUnitReportReporter -->
<testsuite hostname="Shwetha" failures="0" tests="1" name="tests.PlaceOrderWatchesTest" time="33.986" errors="0" timestamp="2025-03-20T20:07:44 CET" skipped="0">
  <testcase classname="tests.PlaceOrderWatchesTest" name="testPlaceOrderWatches" time="33.986"/>
</testsuite> <!-- tests.PlaceOrderWatchesTest -->
