<?xml version="1.0" encoding="UTF-8"?>
<!-- Generated by org.testng.reporters.JUnitReportReporter -->
<testsuite hostname="Shwetha" failures="0" tests="1" name="tests.PlaceOrderWomenTest" time="27.069" errors="0" timestamp="2025-03-21T09:06:36 CET" skipped="0">
  <testcase classname="tests.PlaceOrderWomenTest" name="testPlaceOrderWomen" time="27.069"/>
</testsuite> <!-- tests.PlaceOrderWomenTest -->
