<?xml version="1.0" encoding="UTF-8"?>
<!-- Generated by org.testng.reporters.JUnitReportReporter -->
<testsuite hostname="Shwetha" failures="0" tests="1" name="tests.PlaceOrderTest" time="23.755" errors="0" timestamp="2025-03-18T22:24:08 CET" skipped="0">
  <testcase classname="tests.PlaceOrderTest" name="testPlaceOrder" time="23.755"/>
</testsuite> <!-- tests.PlaceOrderTest -->
