<?xml version="1.0" encoding="UTF-8"?>
<!-- Generated by org.testng.reporters.JUnitReportReporter -->
<testsuite hostname="Shwetha" failures="0" tests="1" name="tests.CreateAccountExistingMailIDTest" time="9.181" errors="0" timestamp="2025-03-21T09:03:58 CET" skipped="0">
  <testcase classname="tests.CreateAccountExistingMailIDTest" name="testExistingEmailErrorMessage" time="9.181"/>
</testsuite> <!-- tests.CreateAccountExistingMailIDTest -->
