<?xml version="1.0" encoding="UTF-8"?>
<!-- Generated by org.testng.reporters.JUnitReportReporter -->
<testsuite hostname="Shwetha" failures="0" tests="1" name="tests.PlaceOrderWatchesTest" time="32.177" errors="0" timestamp="2025-03-21T09:03:58 CET" skipped="0">
  <testcase classname="tests.PlaceOrderWatchesTest" name="testPlaceOrderWatches" time="32.177"/>
</testsuite> <!-- tests.PlaceOrderWatchesTest -->
